#
# There is insufficient memory for the Java Runtime Environment to continue.
# Native memory allocation (mmap) failed to map 264241152 bytes for G1 virtual space
# Possible reasons:
#   The system is out of physical RAM or swap space
#   The process is running with CompressedOops enabled, and the Java Heap may be blocking the growth of the native heap
# Possible solutions:
#   Reduce memory load on the system
#   Increase physical memory or swap space
#   Check if swap backing store is full
#   Decrease Java heap size (-Xmx/-Xms)
#   Decrease number of Java threads
#   Decrease Java thread stack sizes (-Xss)
#   Set larger code cache with -XX:ReservedCodeCacheSize=
#   JVM is running with Zero Based Compressed Oops mode in which the Java heap is
#     placed in the first 32GB address space. The Java Heap base address is the
#     maximum limit for the native heap growth. Please use -XX:HeapBaseMinAddress
#     to set the Java Heap base and to place the Java Heap above 32GB virtual address.
# This output file may be truncated or incomplete.
#
#  Out of Memory Error (os_windows.cpp:3552), pid=15532, tid=34340
#
# JRE version:  (17.0.9+11) (build )
# Java VM: Java HotSpot(TM) 64-Bit Server VM (17.0.9+11-LTS-201, mixed mode, sharing, tiered, compressed oops, compressed class ptrs, g1 gc, windows-amd64)
# No core dump will be written. Minidumps are not enabled by default on client versions of Windows
#

---------------  S U M M A R Y ------------

Command Line: -javaagent:C:\Program Files\JetBrains\IntelliJ IDEA 2023.3.3\lib\idea_rt.jar=61439:C:\Program Files\JetBrains\IntelliJ IDEA 2023.3.3\bin -Dfile.encoding=UTF-8 network.udp.network.tcp.demo1.Client

Host: 12th Gen Intel(R) Core(TM) i7-12700H, 20 cores, 15G,  Windows 11 , 64 bit Build 22621 (10.0.22621.3235)
Time: Sun Mar 24 00:51:34 2024  Windows 11 , 64 bit Build 22621 (10.0.22621.3235) elapsed time: 0.009760 seconds (0d 0h 0m 0s)

---------------  T H R E A D  ---------------

Current thread (0x000002081b564c60):  JavaThread "Unknown thread" [_thread_in_vm, id=34340, stack(0x00000029af100000,0x00000029af200000)]

Stack: [0x00000029af100000,0x00000029af200000]
Native frames: (J=compiled Java code, j=interpreted, Vv=VM code, C=native code)
V  [jvm.dll+0x678a4a]
V  [jvm.dll+0x7d9cfd]
V  [jvm.dll+0x7db60e]
V  [jvm.dll+0x7dbc73]
V  [jvm.dll+0x245e1f]
V  [jvm.dll+0x6758f9]
V  [jvm.dll+0x66a2a2]
V  [jvm.dll+0x303686]
V  [jvm.dll+0x30ac06]
V  [jvm.dll+0x35a48e]
V  [jvm.dll+0x35a6bf]
V  [jvm.dll+0x2da678]
V  [jvm.dll+0x2db5e4]
V  [jvm.dll+0x7ab6b1]
V  [jvm.dll+0x368041]
V  [jvm.dll+0x78a749]
V  [jvm.dll+0x3ebd4f]
V  [jvm.dll+0x3ed7d1]
C  [jli.dll+0x5297]
C  [ucrtbase.dll+0x29363]
C  [KERNEL32.DLL+0x1257d]
C  [ntdll.dll+0x5aa58]


---------------  P R O C E S S  ---------------

Threads class SMR info:
_java_thread_list=0x00007ffc73a989d8, length=0, elements={
}

Java Threads: ( => current thread )

Other Threads:
  0x000002081b5d7230 GCTaskThread "GC Thread#0" [stack: 0x00000029af200000,0x00000029af300000] [id=34660]
  0x000002081b5e7c90 ConcurrentGCThread "G1 Main Marker" [stack: 0x00000029af300000,0x00000029af400000] [id=34232]
  0x000002081b5e86a0 ConcurrentGCThread "G1 Conc#0" [stack: 0x00000029af400000,0x00000029af500000] [id=16040]

[error occurred during error reporting (printing all threads), id 0xc0000005, EXCEPTION_ACCESS_VIOLATION (0xc0000005) at pc=0x00007ffc732cb2d7]

VM state: not at safepoint (not fully initialized)

VM Mutex/Monitor currently owned by a thread:  ([mutex/lock_event])
[0x000002081b560290] Heap_lock - owner thread: 0x000002081b564c60

Heap address: 0x0000000704e00000, size: 4018 MB, Compressed Oops mode: Zero based, Oop shift amount: 3

CDS archive(s) mapped at: [0x0000000000000000-0x0000000000000000-0x0000000000000000), size 0, SharedBaseAddress: 0x0000000800000000, ArchiveRelocationMode: 1.
Narrow klass base: 0x0000000000000000, Narrow klass shift: 0, Narrow klass range: 0x0

GC Precious Log:
<Empty>

Heap:
 garbage-first heap   total 0K, used 0K [0x0000000704e00000, 0x0000000800000000)
  region size 2048K, 0 young (0K), 0 survivors (0K)

[error occurred during error reporting (printing heap information), id 0xc0000005, EXCEPTION_ACCESS_VIOLATION (0xc0000005) at pc=0x00007ffc736b2229]

GC Heap History (0 events):
No events

Deoptimization events (0 events):
No events

Classes unloaded (0 events):
No events

Classes redefined (0 events):
No events

Internal exceptions (0 events):
No events

VM Operations (0 events):
No events

Events (1 events):
Event: 0.006 Loaded shared library C:\Program Files\Java\jdk-17\bin\java.dll


Dynamic libraries:
0x00007ff7a9820000 - 0x00007ff7a9830000 	C:\Program Files\Java\jdk-17\bin\java.exe
0x00007ffce2190000 - 0x00007ffce23a6000 	C:\WINDOWS\SYSTEM32\ntdll.dll
0x00007ffce1150000 - 0x00007ffce1214000 	C:\WINDOWS\System32\KERNEL32.DLL
0x00007ffcdf4d0000 - 0x00007ffcdf876000 	C:\WINDOWS\System32\KERNELBASE.dll
0x00007ffcdf880000 - 0x00007ffcdf991000 	C:\WINDOWS\System32\ucrtbase.dll
0x00007ffcc4ec0000 - 0x00007ffcc4edb000 	C:\Program Files\Java\jdk-17\bin\VCRUNTIME140.dll
0x00007ffccb7d0000 - 0x00007ffccb7e9000 	C:\Program Files\Java\jdk-17\bin\jli.dll
0x00007ffce1c30000 - 0x00007ffce1ce2000 	C:\WINDOWS\System32\ADVAPI32.dll
0x00007ffce0c40000 - 0x00007ffce0ce7000 	C:\WINDOWS\System32\msvcrt.dll
0x00007ffce0000000 - 0x00007ffce00a8000 	C:\WINDOWS\System32\sechost.dll
0x00007ffcdfd90000 - 0x00007ffcdfdb8000 	C:\WINDOWS\System32\bcrypt.dll
0x00007ffcdfee0000 - 0x00007ffcdfff5000 	C:\WINDOWS\System32\RPCRT4.dll
0x00007ffce1a80000 - 0x00007ffce1c2d000 	C:\WINDOWS\System32\USER32.dll
0x00007ffcc6be0000 - 0x00007ffcc6e73000 	C:\WINDOWS\WinSxS\amd64_microsoft.windows.common-controls_6595b64144ccf1df_6.0.22621.3235_none_270f74e173860f98\COMCTL32.dll
0x00007ffcdfd60000 - 0x00007ffcdfd86000 	C:\WINDOWS\System32\win32u.dll
0x00007ffce2070000 - 0x00007ffce2099000 	C:\WINDOWS\System32\GDI32.dll
0x00007ffcdfdc0000 - 0x00007ffcdfed8000 	C:\WINDOWS\System32\gdi32full.dll
0x00007ffcdfa60000 - 0x00007ffcdfafa000 	C:\WINDOWS\System32\msvcp_win.dll
0x00007ffcd4180000 - 0x00007ffcd418a000 	C:\WINDOWS\SYSTEM32\VERSION.dll
0x00007ffce0480000 - 0x00007ffce04b1000 	C:\WINDOWS\System32\IMM32.DLL
0x00007ffccb7c0000 - 0x00007ffccb7cc000 	C:\Program Files\Java\jdk-17\bin\vcruntime140_1.dll
0x00007ffca9230000 - 0x00007ffca92be000 	C:\Program Files\Java\jdk-17\bin\msvcp140.dll
0x00007ffc72fe0000 - 0x00007ffc73bc1000 	C:\Program Files\Java\jdk-17\bin\server\jvm.dll
0x00007ffce0ad0000 - 0x00007ffce0ad8000 	C:\WINDOWS\System32\PSAPI.DLL
0x00007ffcbb660000 - 0x00007ffcbb669000 	C:\WINDOWS\SYSTEM32\WSOCK32.dll
0x00007ffcd4840000 - 0x00007ffcd4874000 	C:\WINDOWS\SYSTEM32\WINMM.dll
0x00007ffce0a50000 - 0x00007ffce0ac1000 	C:\WINDOWS\System32\WS2_32.dll
0x00007ffcde5a0000 - 0x00007ffcde5b8000 	C:\WINDOWS\SYSTEM32\kernel.appcore.dll
0x00007ffcc95a0000 - 0x00007ffcc95aa000 	C:\Program Files\Java\jdk-17\bin\jimage.dll
0x00007ffcdcb50000 - 0x00007ffcdcd83000 	C:\WINDOWS\SYSTEM32\DBGHELP.DLL
0x00007ffce0d60000 - 0x00007ffce10e8000 	C:\WINDOWS\System32\combase.dll
0x00007ffce1d80000 - 0x00007ffce1e57000 	C:\WINDOWS\System32\OLEAUT32.dll
0x00007ffccff80000 - 0x00007ffccffb2000 	C:\WINDOWS\SYSTEM32\dbgcore.DLL
0x00007ffcdfb00000 - 0x00007ffcdfb7a000 	C:\WINDOWS\System32\bcryptPrimitives.dll
0x00007ffcc9570000 - 0x00007ffcc957e000 	C:\Program Files\Java\jdk-17\bin\instrument.dll
0x00007ffcc0d60000 - 0x00007ffcc0d85000 	C:\Program Files\Java\jdk-17\bin\java.dll

dbghelp: loaded successfully - version: 4.0.5 - missing functions: none
symbol engine: initialized successfully - sym options: 0x614 - pdb path: .;C:\Program Files\Java\jdk-17\bin;C:\WINDOWS\SYSTEM32;C:\WINDOWS\WinSxS\amd64_microsoft.windows.common-controls_6595b64144ccf1df_6.0.22621.3235_none_270f74e173860f98;C:\Program Files\Java\jdk-17\bin\server

VM Arguments:
jvm_args: -javaagent:C:\Program Files\JetBrains\IntelliJ IDEA 2023.3.3\lib\idea_rt.jar=61439:C:\Program Files\JetBrains\IntelliJ IDEA 2023.3.3\bin -Dfile.encoding=UTF-8 
java_command: network.udp.network.tcp.demo1.Client
java_class_path (initial): E:\Git\demo1\JianZJ\out\production\JianZJ
Launcher Type: SUN_STANDARD

[Global flags]
     intx CICompilerCount                          = 12                                        {product} {ergonomic}
     uint ConcGCThreads                            = 4                                         {product} {ergonomic}
     uint G1ConcRefinementThreads                  = 15                                        {product} {ergonomic}
   size_t G1HeapRegionSize                         = 2097152                                   {product} {ergonomic}
    uintx GCDrainStackTargetSize                   = 64                                        {product} {ergonomic}
   size_t InitialHeapSize                          = 264241152                                 {product} {ergonomic}
   size_t MarkStackSize                            = 4194304                                   {product} {ergonomic}
   size_t MaxHeapSize                              = 4213178368                                {product} {ergonomic}
   size_t MinHeapDeltaBytes                        = 2097152                                   {product} {ergonomic}
   size_t MinHeapSize                              = 8388608                                   {product} {ergonomic}
    uintx NonNMethodCodeHeapSize                   = 7602480                                {pd product} {ergonomic}
    uintx NonProfiledCodeHeapSize                  = 122027880                              {pd product} {ergonomic}
    uintx ProfiledCodeHeapSize                     = 122027880                              {pd product} {ergonomic}
    uintx ReservedCodeCacheSize                    = 251658240                              {pd product} {ergonomic}
     bool SegmentedCodeCache                       = true                                      {product} {ergonomic}
   size_t SoftMaxHeapSize                          = 4213178368                             {manageable} {ergonomic}
     bool UseCompressedClassPointers               = true                           {product lp64_product} {ergonomic}
     bool UseCompressedOops                        = true                           {product lp64_product} {ergonomic}
     bool UseG1GC                                  = true                                      {product} {ergonomic}
     bool UseLargePagesIndividualAllocation        = false                                  {pd product} {ergonomic}

Logging:
Log output configuration:
 #0: stdout all=warning uptime,level,tags
 #1: stderr all=off uptime,level,tags

Environment Variables:
JAVA_HOME=C:\Program Files\Java\jdk-17
CLASSPATH=.;C:\Program Files\Java\jdk-17\lib\tools.jar;C:\Program Files\Java\jdk-17\lib\dt.jar;
PATH=C:\Program Files\Python312\Scripts\;C:\Program Files\Python312\;C:\Program Files\Java\jdk-17\bin;C:\Program Files (x86)\Common Files\Oracle\Java\javapath;C:\Windows\system32;C:\Windows;C:\Windows\System32\Wbem;C:\Windows\System32\WindowsPowerShell\v1.0\;C:\Windows\System32\OpenSSH\;C:\Program Files (x86)\NVIDIA Corporation\PhysX\Common;C:\Program Files\NVIDIA Corporation\NVIDIA NvDLISR;C:\Program Files\dotnet\;C:\WINDOWS\system32;C:\WINDOWS;C:\WINDOWS\System32\Wbem;C:\WINDOWS\System32\WindowsPowerShell\v1.0\;C:\WINDOWS\System32\OpenSSH\;C:\VSCode\MingGW\MingGW\bin;C:\Program Files\Java\jdk-17\jre\bin;E:\±Ê¼Çobsidian\git\Git\cmd;C:\ProgramData\chocolatey\bin;E:\Windows Kits\10\Windows Performance Toolkit\;E:\nodejs\;E:\nodejs\node_global\node_modules;E:\xshell\;E:\Maven\apache-maven-3.9.6\bin;C:\Users\22798\AppData\Local\Microsoft\WindowsApps;E:\vscode\Microsoft VS Code\bin;C:\Users\22798\.dotnet\tools;C:\ideal\IntelliJ IDEA Community Edition 2023.1.2\bin;E:\ÐÇÌú³é¿¨\Fiddler;C:\Users\22798\AppData\Local\GitHubDesktop\bin;E:\nodejs\node_global;;C:\Program Files\JetBrains\IntelliJ IDEA 2023.3.3\bin;
USERNAME=22798
OS=Windows_NT
PROCESSOR_IDENTIFIER=Intel64 Family 6 Model 154 Stepping 3, GenuineIntel



---------------  S Y S T E M  ---------------

OS:
 Windows 11 , 64 bit Build 22621 (10.0.22621.3235)
OS uptime: 9 days 6:49 hours

CPU: total 20 (initial active 20) (10 cores per cpu, 2 threads per core) family 6 model 154 stepping 3 microcode 0x432, cx8, cmov, fxsr, ht, mmx, 3dnowpref, sse, sse2, sse3, ssse3, sse4.1, sse4.2, popcnt, lzcnt, tsc, tscinvbit, avx, avx2, aes, erms, clmul, bmi1, bmi2, adx, sha, fma, vzeroupper, clflush, clflushopt, clwb

Memory: 4k page, system-wide physical 16068M (766M free)
TotalPageFile size 45208M (AvailPageFile size 153M)
current process WorkingSet (physical memory assigned to process): 11M, peak: 11M
current process commit charge ("private bytes"): 75M, peak: 327M

vm_info: Java HotSpot(TM) 64-Bit Server VM (17.0.9+11-LTS-201) for windows-amd64 JRE (17.0.9+11-LTS-201), built on Oct 10 2023 23:16:06 by "mach5one" with MS VC++ 17.1 (VS2022)

END.
